[    67.329] (--) Log file renamed from "/home/armanh/.local/share/xorg/Xorg.pid-2470.log" to "/home/armanh/.local/share/xorg/Xorg.0.log"
[    67.330] 
X.Org X Server 1.19.6
Release Date: 2017-12-20
[    67.330] X Protocol Version 11, Revision 0
[    67.330] Build Operating System: Linux 4.4.0-119-generic x86_64 Ubuntu
[    67.330] Current Operating System: Linux jankins-Slave 4.15.0-29-generic #31-Ubuntu SMP Tue Jul 17 15:39:52 UTC 2018 x86_64
[    67.330] Kernel command line: BOOT_IMAGE=/boot/vmlinuz-4.15.0-29-generic root=UUID=dee69712-9e67-4272-a9d6-3b16bbb5cfe0 ro quiet splash
[    67.330] Build Date: 13 April 2018  08:07:36PM
[    67.330] xorg-server 2:1.19.6-1ubuntu4 (For technical support please see http://www.ubuntu.com/support) 
[    67.330] Current version of pixman: 0.34.0
[    67.330] 	Before reporting problems, check http://wiki.x.org
	to make sure that you have the latest version.
[    67.330] Markers: (--) probed, (**) from config file, (==) default setting,
	(++) from command line, (!!) notice, (II) informational,
	(WW) warning, (EE) error, (NI) not implemented, (??) unknown.
[    67.331] (==) Log file: "/home/armanh/.local/share/xorg/Xorg.0.log", Time: Fri Mar 19 14:50:42 2021
[    67.354] (==) Using system config directory "/usr/share/X11/xorg.conf.d"
[    67.356] (==) No Layout section.  Using the first Screen section.
[    67.356] (==) No screen section available. Using defaults.
[    67.356] (**) |-->Screen "Default Screen Section" (0)
[    67.356] (**) |   |-->Monitor "<default monitor>"
[    67.357] (==) No monitor specified for screen "Default Screen Section".
	Using a default monitor configuration.
[    67.357] (==) Automatically adding devices
[    67.357] (==) Automatically enabling devices
[    67.357] (==) Automatically adding GPU devices
[    67.357] (==) Automatically binding GPU devices
[    67.357] (==) Max clients allowed: 256, resource mask: 0x1fffff
[    67.357] (WW) The directory "/usr/share/fonts/X11/cyrillic" does not exist.
[    67.357] 	Entry deleted from font path.
[    67.358] (WW) The directory "/usr/share/fonts/X11/100dpi/" does not exist.
[    67.358] 	Entry deleted from font path.
[    67.358] (WW) The directory "/usr/share/fonts/X11/75dpi/" does not exist.
[    67.358] 	Entry deleted from font path.
[    67.358] (WW) The directory "/usr/share/fonts/X11/100dpi" does not exist.
[    67.358] 	Entry deleted from font path.
[    67.358] (WW) The directory "/usr/share/fonts/X11/75dpi" does not exist.
[    67.358] 	Entry deleted from font path.
[    67.358] (==) FontPath set to:
	/usr/share/fonts/X11/misc,
	/usr/share/fonts/X11/Type1,
	built-ins
[    67.358] (==) ModulePath set to "/usr/lib/xorg/modules"
[    67.358] (II) The server relies on udev to provide the list of input devices.
	If no devices become available, reconfigure udev or disable AutoAddDevices.
[    67.358] (II) Loader magic: 0x55b93648b020
[    67.358] (II) Module ABI versions:
[    67.358] 	X.Org ANSI C Emulation: 0.4
[    67.358] 	X.Org Video Driver: 23.0
[    67.358] 	X.Org XInput driver : 24.1
[    67.358] 	X.Org Server Extension : 10.0
[    67.361] (++) using VT number 2

[    67.366] (II) systemd-logind: took control of session /org/freedesktop/login1/session/_32
[    67.370] (II) xfree86: Adding drm device (/dev/dri/card0)
[    67.376] (II) systemd-logind: got fd for /dev/dri/card0 226:0 fd 12 paused 0
[    67.391] (--) PCI:*(0:0:15:0) 15ad:0405:15ad:0405 rev 0, Mem @ 0xe8000000/134217728, 0xfe000000/8388608, I/O @ 0x00001070/16, BIOS @ 0x????????/131072
[    67.391] (II) LoadModule: "glx"
[    67.408] (II) Loading /usr/lib/xorg/modules/extensions/libglx.so
[    67.429] (II) Module glx: vendor="X.Org Foundation"
[    67.429] 	compiled for 1.19.6, module version = 1.0.0
[    67.429] 	ABI class: X.Org Server Extension, version 10.0
[    67.429] (==) Matched vmware as autoconfigured driver 0
[    67.429] (==) Matched vmware as autoconfigured driver 1
[    67.429] (==) Matched modesetting as autoconfigured driver 2
[    67.429] (==) Matched fbdev as autoconfigured driver 3
[    67.429] (==) Matched vesa as autoconfigured driver 4
[    67.429] (==) Assigned the driver to the xf86ConfigLayout
[    67.429] (II) LoadModule: "vmware"
[    67.429] (II) Loading /usr/lib/xorg/modules/drivers/vmware_drv.so
[    67.577] (II) Module vmware: vendor="X.Org Foundation"
[    67.578] 	compiled for 1.19.3, module version = 13.2.1
[    67.578] 	Module class: X.Org Video Driver
[    67.578] 	ABI class: X.Org Video Driver, version 23.0
[    67.578] (II) LoadModule: "modesetting"
[    67.578] (II) Loading /usr/lib/xorg/modules/drivers/modesetting_drv.so
[    67.580] (II) Module modesetting: vendor="X.Org Foundation"
[    67.580] 	compiled for 1.19.6, module version = 1.19.6
[    67.580] 	Module class: X.Org Video Driver
[    67.580] 	ABI class: X.Org Video Driver, version 23.0
[    67.580] (II) LoadModule: "fbdev"
[    67.580] (II) Loading /usr/lib/xorg/modules/drivers/fbdev_drv.so
[    67.581] (II) Module fbdev: vendor="X.Org Foundation"
[    67.581] 	compiled for 1.19.3, module version = 0.4.4
[    67.581] 	Module class: X.Org Video Driver
[    67.581] 	ABI class: X.Org Video Driver, version 23.0
[    67.581] (II) LoadModule: "vesa"
[    67.581] (II) Loading /usr/lib/xorg/modules/drivers/vesa_drv.so
[    67.583] (II) Module vesa: vendor="X.Org Foundation"
[    67.583] 	compiled for 1.19.3, module version = 2.3.4
[    67.583] 	Module class: X.Org Video Driver
[    67.583] 	ABI class: X.Org Video Driver, version 23.0
[    67.583] (II) vmware: driver for VMware SVGA: vmware0405, vmware0710
[    67.583] (II) modesetting: Driver for Modesetting Kernel Drivers: kms
[    67.583] (II) FBDEV: driver for framebuffer: fbdev
[    67.583] (II) VESA: driver for VESA chipsets: vesa
[    67.583] xf86EnableIOPorts: failed to set IOPL for I/O (Operation not permitted)
[    67.583] (WW) Falling back to old probe method for modesetting
[    67.584] (WW) Falling back to old probe method for fbdev
[    67.584] (II) Loading sub module "fbdevhw"
[    67.584] (II) LoadModule: "fbdevhw"
[    67.584] (II) Loading /usr/lib/xorg/modules/libfbdevhw.so
[    67.585] (II) Module fbdevhw: vendor="X.Org Foundation"
[    67.585] 	compiled for 1.19.6, module version = 0.0.2
[    67.585] 	ABI class: X.Org Video Driver, version 23.0
[    67.585] (EE) open /dev/fb0: Permission denied
[    67.585] (WW) Falling back to old probe method for vesa
[    67.585] (WW) VGA arbiter: cannot open kernel arbiter, no multi-card support
[    67.585] (II) vmware(0): Creating default Display subsection in Screen section
	"Default Screen Section" for depth/fbbpp 24/32
[    67.585] (--) vmware(0): DRM driver version is 2.14.0
[    67.585] (==) vmware(0): Depth 24, (--) framebuffer bpp 32
[    67.585] (==) vmware(0): RGB weight 888
[    67.585] (==) vmware(0): Default visual is TrueColor
[    67.585] (--) vmware(0): Min width 1, Max Width 8192.
[    67.585] (--) vmware(0): Min height 1, Max Height 8192.
[    67.586] (II) vmware(0): Output Virtual1 has no monitor section
[    67.586] (II) vmware(0): Output Virtual2 has no monitor section
[    67.586] (II) vmware(0): Output Virtual3 has no monitor section
[    67.586] (II) vmware(0): Output Virtual4 has no monitor section
[    67.586] (II) vmware(0): Output Virtual5 has no monitor section
[    67.586] (II) vmware(0): Output Virtual6 has no monitor section
[    67.586] (II) vmware(0): Output Virtual7 has no monitor section
[    67.587] (II) vmware(0): Output Virtual8 has no monitor section
[    67.587] (II) vmware(0): Printing probed modes for output Virtual1
[    67.587] (II) vmware(0): Modeline "800x600"x60.0   42.75  800 850 900 950  600 650 700 750 -hsync +vsync (45.0 kHz eP)
[    67.587] (II) vmware(0): Modeline "1360x768"x60.0   85.50  1360 1424 1536 1792  768 771 777 795 +hsync +vsync (47.7 kHz e)
[    67.587] (II) vmware(0): Modeline "1280x800"x59.8   83.50  1280 1352 1480 1680  800 803 809 831 +hsync -vsync (49.7 kHz e)
[    67.587] (II) vmware(0): Modeline "1152x864"x75.0  108.00  1152 1216 1344 1600  864 865 868 900 +hsync +vsync (67.5 kHz e)
[    67.587] (II) vmware(0): Modeline "1280x768"x59.9   79.50  1280 1344 1472 1664  768 771 778 798 -hsync +vsync (47.8 kHz e)
[    67.587] (II) vmware(0): Modeline "1024x768"x60.0   65.00  1024 1048 1184 1344  768 771 777 806 -hsync -vsync (48.4 kHz e)
[    67.587] (II) vmware(0): Modeline "800x600"x60.3   40.00  800 840 968 1056  600 601 605 628 +hsync +vsync (37.9 kHz e)
[    67.587] (II) vmware(0): Modeline "640x480"x59.9   25.18  640 656 752 800  480 489 492 525 -hsync -vsync (31.5 kHz e)
[    67.587] (II) vmware(0): EDID for output Virtual2
[    67.587] (II) vmware(0): EDID for output Virtual3
[    67.587] (II) vmware(0): EDID for output Virtual4
[    67.587] (II) vmware(0): EDID for output Virtual5
[    67.587] (II) vmware(0): EDID for output Virtual6
[    67.588] (II) vmware(0): EDID for output Virtual7
[    67.588] (II) vmware(0): EDID for output Virtual8
[    67.588] (II) vmware(0): Output Virtual1 connected
[    67.588] (II) vmware(0): Output Virtual2 disconnected
[    67.588] (II) vmware(0): Output Virtual3 disconnected
[    67.588] (II) vmware(0): Output Virtual4 disconnected
[    67.588] (II) vmware(0): Output Virtual5 disconnected
[    67.588] (II) vmware(0): Output Virtual6 disconnected
[    67.588] (II) vmware(0): Output Virtual7 disconnected
[    67.588] (II) vmware(0): Output Virtual8 disconnected
[    67.588] (II) vmware(0): Using exact sizes for initial modes
[    67.588] (II) vmware(0): Output Virtual1 using initial mode 800x600 +0+0
[    67.588] (==) vmware(0): DPI set to (96, 96)
[    67.588] (==) vmware(0): Using gamma correction (1.0, 1.0, 1.0)
[    67.588] (II) Loading sub module "fb"
[    67.588] (II) LoadModule: "fb"
[    67.589] (II) Loading /usr/lib/xorg/modules/libfb.so
[    67.592] (II) Module fb: vendor="X.Org Foundation"
[    67.592] 	compiled for 1.19.6, module version = 1.0.0
[    67.592] 	ABI class: X.Org ANSI C Emulation, version 0.4
[    67.592] (II) Loading sub module "dri2"
[    67.592] (II) LoadModule: "dri2"
[    67.593] (II) Module "dri2" already built-in
[    67.593] (II) UnloadModule: "modesetting"
[    67.593] (II) Unloading modesetting
[    67.593] (II) UnloadModule: "fbdev"
[    67.593] (II) Unloading fbdev
[    67.594] (II) UnloadSubModule: "fbdevhw"
[    67.594] (II) Unloading fbdevhw
[    67.594] (II) UnloadModule: "vesa"
[    67.594] (II) Unloading vesa
[    67.594] (==) Depth 24 pixmap format is 32 bpp
[    67.596] (II) vmware(0): Initialized VMWARE_CTRL extension version 0.2
[    67.607] (WW) vmware(0): Failed to initialize Gallium3D Xa. No render acceleration available.
[    67.607] (WW) vmware(0): Skipped initialization of direct rendering due to lack of render acceleration.
[    67.607] (--) vmware(0): Render acceleration is disabled.
[    67.607] (==) vmware(0): Rendercheck mode is disabled.
[    67.607] (--) vmware(0): Direct rendering (3D) is disabled.
[    67.607] (==) vmware(0): Backing store enabled
[    67.607] (==) vmware(0): Silken mouse enabled
[    67.608] (II) vmware(0): RandR 1.2 enabled, ignore the following RandR disabled message.
[    67.610] (==) vmware(0): DPMS enabled
[    67.610] (II) vmware(0): No 3D acceleration. Not setting up textured video.
[    67.610] (--) RandR disabled
[    67.616] (II) SELinux: Disabled on system
[    67.618] (II) AIGLX: Screen 0 is not DRI2 capable
[    67.618] (EE) AIGLX: reverting to software rendering
[    67.623] (II) IGLX: enabled GLX_MESA_copy_sub_buffer
[    67.625] (II) IGLX: Loaded and initialized swrast
[    67.625] (II) GLX: Initialized DRISWRAST GL provider for screen 0
[    67.629] (II) vmware(0): Setting screen physical size to 211 x 158
[    67.708] (II) config/udev: Adding input device Power Button (/dev/input/event0)
[    67.708] (**) Power Button: Applying InputClass "libinput keyboard catchall"
[    67.708] (II) LoadModule: "libinput"
[    67.708] (II) Loading /usr/lib/xorg/modules/input/libinput_drv.so
[    67.713] (II) Module libinput: vendor="X.Org Foundation"
[    67.713] 	compiled for 1.19.6, module version = 0.27.1
[    67.713] 	Module class: X.Org XInput Driver
[    67.713] 	ABI class: X.Org XInput driver, version 24.1
[    67.713] (II) Using input driver 'libinput' for 'Power Button'
[    67.715] (II) systemd-logind: got fd for /dev/input/event0 13:64 fd 20 paused 0
[    67.715] (**) Power Button: always reports core events
[    67.715] (**) Option "Device" "/dev/input/event0"
[    67.717] (**) Option "_source" "server/udev"
[    67.723] (II) event0  - Power Button: is tagged by udev as: Keyboard
[    67.723] (II) event0  - Power Button: device is a keyboard
[    67.723] (II) event0  - Power Button: device removed
[    67.723] (**) Option "config_info" "udev:/sys/devices/LNXSYSTM:00/LNXPWRBN:00/input/input0/event0"
[    67.723] (II) XINPUT: Adding extended input device "Power Button" (type: KEYBOARD, id 6)
[    67.723] (**) Option "xkb_model" "pc105"
[    67.723] (**) Option "xkb_layout" "us"
[    67.732] (II) event0  - Power Button: is tagged by udev as: Keyboard
[    67.732] (II) event0  - Power Button: device is a keyboard
[    67.736] (II) config/udev: Adding input device AT Translated Set 2 keyboard (/dev/input/event1)
[    67.736] (**) AT Translated Set 2 keyboard: Applying InputClass "libinput keyboard catchall"
[    67.736] (II) Using input driver 'libinput' for 'AT Translated Set 2 keyboard'
[    67.743] (II) systemd-logind: got fd for /dev/input/event1 13:65 fd 23 paused 0
[    67.744] (**) AT Translated Set 2 keyboard: always reports core events
[    67.744] (**) Option "Device" "/dev/input/event1"
[    67.744] (**) Option "_source" "server/udev"
[    67.746] (II) event1  - AT Translated Set 2 keyboard: is tagged by udev as: Keyboard
[    67.746] (II) event1  - AT Translated Set 2 keyboard: device is a keyboard
[    67.746] (II) event1  - AT Translated Set 2 keyboard: device removed
[    67.746] (**) Option "config_info" "udev:/sys/devices/platform/i8042/serio0/input/input1/event1"
[    67.747] (II) XINPUT: Adding extended input device "AT Translated Set 2 keyboard" (type: KEYBOARD, id 7)
[    67.747] (**) Option "xkb_model" "pc105"
[    67.747] (**) Option "xkb_layout" "us"
[    67.748] (II) event1  - AT Translated Set 2 keyboard: is tagged by udev as: Keyboard
[    67.748] (II) event1  - AT Translated Set 2 keyboard: device is a keyboard
[    67.751] (II) config/udev: Adding input device VirtualPS/2 VMware VMMouse (/dev/input/event3)
[    67.751] (**) VirtualPS/2 VMware VMMouse: Applying InputClass "libinput pointer catchall"
[    67.751] (II) Using input driver 'libinput' for 'VirtualPS/2 VMware VMMouse'
[    67.753] (II) systemd-logind: got fd for /dev/input/event3 13:67 fd 24 paused 0
[    67.753] (**) VirtualPS/2 VMware VMMouse: always reports core events
[    67.753] (**) Option "Device" "/dev/input/event3"
[    67.753] (**) Option "_source" "server/udev"
[    67.754] (II) event3  - VirtualPS/2 VMware VMMouse: is tagged by udev as: Mouse
[    67.754] (II) event3  - VirtualPS/2 VMware VMMouse: device is a pointer
[    67.754] (II) event3  - VirtualPS/2 VMware VMMouse: device removed
[    67.754] (**) Option "config_info" "udev:/sys/devices/platform/i8042/serio1/input/input3/event3"
[    67.755] (II) XINPUT: Adding extended input device "VirtualPS/2 VMware VMMouse" (type: MOUSE, id 8)
[    67.755] (**) Option "AccelerationScheme" "none"
[    67.755] (**) VirtualPS/2 VMware VMMouse: (accel) selected scheme none/0
[    67.755] (**) VirtualPS/2 VMware VMMouse: (accel) acceleration factor: 2.000
[    67.755] (**) VirtualPS/2 VMware VMMouse: (accel) acceleration threshold: 4
[    67.756] (II) event3  - VirtualPS/2 VMware VMMouse: is tagged by udev as: Mouse
[    67.756] (II) event3  - VirtualPS/2 VMware VMMouse: device is a pointer
[    67.756] (II) config/udev: Adding input device VirtualPS/2 VMware VMMouse (/dev/input/mouse1)
[    67.757] (II) No input driver specified, ignoring this device.
[    67.757] (II) This device may have been added with another device file.
[    67.757] (II) config/udev: Adding input device VirtualPS/2 VMware VMMouse (/dev/input/event2)
[    67.757] (**) VirtualPS/2 VMware VMMouse: Applying InputClass "libinput pointer catchall"
[    67.758] (II) Using input driver 'libinput' for 'VirtualPS/2 VMware VMMouse'
[    67.759] (II) systemd-logind: got fd for /dev/input/event2 13:66 fd 25 paused 0
[    67.759] (**) VirtualPS/2 VMware VMMouse: always reports core events
[    67.759] (**) Option "Device" "/dev/input/event2"
[    67.759] (**) Option "_source" "server/udev"
[    67.760] (II) event2  - VirtualPS/2 VMware VMMouse: is tagged by udev as: Mouse
[    67.760] (II) event2  - VirtualPS/2 VMware VMMouse: device is a pointer
[    67.760] (II) event2  - VirtualPS/2 VMware VMMouse: device removed
[    67.760] (**) Option "config_info" "udev:/sys/devices/platform/i8042/serio1/input/input4/event2"
[    67.760] (II) XINPUT: Adding extended input device "VirtualPS/2 VMware VMMouse" (type: MOUSE, id 9)
[    67.760] (**) Option "AccelerationScheme" "none"
[    67.761] (**) VirtualPS/2 VMware VMMouse: (accel) selected scheme none/0
[    67.761] (**) VirtualPS/2 VMware VMMouse: (accel) acceleration factor: 2.000
[    67.761] (**) VirtualPS/2 VMware VMMouse: (accel) acceleration threshold: 4
[    67.761] (II) event2  - VirtualPS/2 VMware VMMouse: is tagged by udev as: Mouse
[    67.762] (II) event2  - VirtualPS/2 VMware VMMouse: device is a pointer
[    67.762] (II) config/udev: Adding input device VirtualPS/2 VMware VMMouse (/dev/input/mouse0)
[    67.762] (II) No input driver specified, ignoring this device.
[    67.762] (II) This device may have been added with another device file.
[ 43820.930] (DB) vmware(0): New layout.
[ 43820.930] (DB) vmware(0): 0: 0 0 800 600
[ 43820.930] (DB) vmware(0): 
